<?xml version="1.0" encoding="UTF-8"?>
<!-- Generated by org.testng.reporters.JUnitXMLReporter -->
<testsuite hostname="IN01N03727" ignored="0" name="Windows - Chrome Browser" tests="3" failures="0" timestamp="07 Jul 2021 06:58:06 GMT" time="6.158" errors="0">
  <testcase name="verifyUserLogin" time="0.434" classname="com.application.testsuites.RegressionSuite"/>
  <testcase name="verifyUserLogin" time="0.285" classname="com.application.testsuites.RegressionSuite"/>
  <testcase name="verifyHomepageLogo" time="0.05" classname="com.application.testsuites.RegressionSuite"/>
</testsuite> <!-- Windows - Chrome Browser -->
