<?xml version="1.0" encoding="UTF-8"?>
<testng-results skipped="0" failed="0" ignored="0" total="2" passed="2">
  <reporter-output>
  </reporter-output>
  <suite name="Regression Suite" duration-ms="5863" started-at="2021-08-01T10:26:05Z" finished-at="2021-08-01T10:26:11Z">
    <groups>
    </groups>
    <test name="Windows - Chrome Browser" duration-ms="5863" started-at="2021-08-01T10:26:05Z" finished-at="2021-08-01T10:26:11Z">
      <class name="com.application.testsuites.RegressionSuite">
        <test-method status="PASS" signature="launchApplication()[pri:0, instance:com.application.testsuites.RegressionSuite@5852c06f]" name="launchApplication" is-config="true" duration-ms="2533" started-at="2021-08-01T10:26:06Z" finished-at="2021-08-01T10:26:09Z">
          <reporter-output>
          </reporter-output>
        </test-method> <!-- launchApplication -->
        <test-method status="PASS" signature="verifyUserLogin(java.lang.String, java.lang.String)[pri:0, instance:com.application.testsuites.RegressionSuite@5852c06f]" name="verifyUserLogin" duration-ms="550" started-at="2021-08-01T10:26:09Z" data-provider="loginData" finished-at="2021-08-01T10:26:10Z">
          <params>
            <param index="0">
              <value>
                <![CDATA[standard_user]]>
              </value>
            </param>
            <param index="1">
              <value>
                <![CDATA[secret_sauce]]>
              </value>
            </param>
          </params>
          <reporter-output>
          </reporter-output>
        </test-method> <!-- verifyUserLogin -->
        <test-method status="PASS" signature="launchApplication()[pri:0, instance:com.application.testsuites.RegressionSuite@5852c06f]" name="launchApplication" is-config="true" duration-ms="126" started-at="2021-08-01T10:26:10Z" finished-at="2021-08-01T10:26:10Z">
          <reporter-output>
          </reporter-output>
        </test-method> <!-- launchApplication -->
        <test-method status="PASS" signature="verifyUserLogin(java.lang.String, java.lang.String)[pri:0, instance:com.application.testsuites.RegressionSuite@5852c06f]" name="verifyUserLogin" duration-ms="415" started-at="2021-08-01T10:26:10Z" data-provider="loginData" finished-at="2021-08-01T10:26:10Z">
          <params>
            <param index="0">
              <value>
                <![CDATA[problem_user]]>
              </value>
            </param>
            <param index="1">
              <value>
                <![CDATA[secret_sauce]]>
              </value>
            </param>
          </params>
          <reporter-output>
          </reporter-output>
        </test-method> <!-- verifyUserLogin -->
        <test-method status="PASS" signature="closeBrowser()[pri:0, instance:com.application.testsuites.RegressionSuite@5852c06f]" name="closeBrowser" is-config="true" duration-ms="816" started-at="2021-08-01T10:26:10Z" finished-at="2021-08-01T10:26:11Z">
          <reporter-output>
          </reporter-output>
        </test-method> <!-- closeBrowser -->
      </class> <!-- com.application.testsuites.RegressionSuite -->
    </test> <!-- Windows - Chrome Browser -->
  </suite> <!-- Regression Suite -->
</testng-results>
